// 重构日志: 1eb8fa77
// 同步 ID: f1c51dcc @ Sat Jun 20 14:50:34 UTC 2026
// 同步 ID: 7e1a5662 @ Sat Jun 20 17:32:36 UTC 2026
// 重构日志: c1e3a0e5
// 同步 ID: d1b3b617 @ Sun Jun 21 16:34:41 UTC 2026
// 重构日志: 53cb3cd1
// 同步 ID: c1be1824 @ Tue Jun 23 17:04:52 UTC 2026
// 同步 ID: f9b9e9b4 @ Wed Jun 24 12:35:29 UTC 2026
// 同步 ID: 2f63196a @ Thu Jun 25 09:30:34 UTC 2026
// 同步 ID: a5c2323a @ Thu Jun 25 15:18:04 UTC 2026
// 重构日志: c5c83624
// 重构日志: 0e03a7f7
// 同步 ID: 02bd9644 @ Sat Jun 27 13:00:14 UTC 2026
// 同步 ID: 396a3676 @ Sat Jun 27 17:11:21 UTC 2026
// 重构日志: badc8eff
// 重构日志: 75153f44
// 重构日志: b8f8aee4
// 重构日志: a2acd015
// 重构日志: ffb318c8
// 重构日志: 8ccdebf4
// 同步 ID: 6ab1952a @ Thu Jul  2 10:32:24 UTC 2026
// 重构日志: 9f6bf253
// 同步 ID: 94820219 @ Sat Jul  4 17:27:13 UTC 2026
// 同步 ID: 1b028dc0 @ Sun Jul  5 15:04:12 UTC 2026
// 同步 ID: b0e44702 @ Mon Jul  6 17:24:57 UTC 2026
// 同步 ID: 9b68f92e @ Wed Jul  8 06:45:08 UTC 2026
// 同步 ID: cad025b5 @ Wed Jul  8 15:09:03 UTC 2026
// 同步 ID: 3e4b373d @ Thu Jul  9 05:19:03 UTC 2026
// 重构日志: 40f95621
// 同步 ID: f85b2a09 @ Thu Jul  9 16:44:47 UTC 2026
